[INFO ] 02-06-2017 12:07:16.143 [localhost-startStop-1] ContextLoader - Root WebApplicationContext: initialization completed in 2074 ms
[INFO ] 02-06-2017 12:07:19.140 [main] RequestMappingHandlerAdapter - Looking for @ControllerAdvice: org.springframework.boot.context.embedded.AnnotationConfigEmbeddedWebApplicationContext@4686afc2: startup date [Fri Jun 02 12:07:14 ICT 2017]; root of context hierarchy
[INFO ] 02-06-2017 12:07:19.202 [main] RequestMappingHandlerMapping - Mapped "{[/404],methods=[GET]}" onto public java.lang.String com.task.mgn.auth.controller.ErrorController.notFound()
[INFO ] 02-06-2017 12:07:19.203 [main] RequestMappingHandlerMapping - Mapped "{[/502],methods=[GET]}" onto public java.lang.String com.task.mgn.auth.controller.ErrorController.bedGateway()
[INFO ] 02-06-2017 12:07:19.205 [main] RequestMappingHandlerMapping - Mapped "{[/401],methods=[GET]}" onto public java.lang.String com.task.mgn.auth.controller.ErrorController.unAuthorized()
[INFO ] 02-06-2017 12:07:19.205 [main] RequestMappingHandlerMapping - Mapped "{[/501],methods=[GET]}" onto public java.lang.String com.task.mgn.auth.controller.ErrorController.notImplemented()
[INFO ] 02-06-2017 12:07:19.205 [main] RequestMappingHandlerMapping - Mapped "{[/400],methods=[GET]}" onto public java.lang.String com.task.mgn.auth.controller.ErrorController.bedRequest()
[INFO ] 02-06-2017 12:07:19.205 [main] RequestMappingHandlerMapping - Mapped "{[/504],methods=[GET]}" onto public java.lang.String com.task.mgn.auth.controller.ErrorController.getwayTimeout()
[INFO ] 02-06-2017 12:07:19.206 [main] RequestMappingHandlerMapping - Mapped "{[/403],methods=[GET]}" onto public java.lang.String com.task.mgn.auth.controller.ErrorController.forbidden()
[INFO ] 02-06-2017 12:07:19.206 [main] RequestMappingHandlerMapping - Mapped "{[/402],methods=[GET]}" onto public java.lang.String com.task.mgn.auth.controller.ErrorController.paymentRequired()
[INFO ] 02-06-2017 12:07:19.206 [main] RequestMappingHandlerMapping - Mapped "{[/500],methods=[GET]}" onto public java.lang.String com.task.mgn.auth.controller.ErrorController.internalServerError()
[INFO ] 02-06-2017 12:07:19.206 [main] RequestMappingHandlerMapping - Mapped "{[/503],methods=[GET]}" onto public java.lang.String com.task.mgn.auth.controller.ErrorController.serviceUnavailable()
[INFO ] 02-06-2017 12:07:19.208 [main] RequestMappingHandlerMapping - Mapped "{[/ || /dashboard],methods=[GET]}" onto public java.lang.String com.task.mgn.auth.controller.TaskController.home(javax.servlet.http.HttpServletRequest)
[INFO ] 02-06-2017 12:07:19.209 [main] RequestMappingHandlerMapping - Mapped "{[/update-task],methods=[GET]}" onto public java.lang.String com.task.mgn.auth.controller.TaskController.updateTask(int,javax.servlet.http.HttpServletRequest)
[INFO ] 02-06-2017 12:07:19.209 [main] RequestMappingHandlerMapping - Mapped "{[/delete-task],methods=[GET]}" onto public java.lang.String com.task.mgn.auth.controller.TaskController.deleteTask(int,javax.servlet.http.HttpServletRequest)
[INFO ] 02-06-2017 12:07:19.209 [main] RequestMappingHandlerMapping - Mapped "{[/all-tasks],methods=[GET]}" onto public java.lang.String com.task.mgn.auth.controller.TaskController.allTasks(javax.servlet.http.HttpServletRequest)
[INFO ] 02-06-2017 12:07:19.209 [main] RequestMappingHandlerMapping - Mapped "{[/save-task],methods=[POST]}" onto public java.lang.String com.task.mgn.auth.controller.TaskController.saveTask(com.task.mgn.auth.model.Task,org.springframework.validation.BindingResult,javax.servlet.http.HttpServletRequest)
[INFO ] 02-06-2017 12:07:19.209 [main] RequestMappingHandlerMapping - Mapped "{[/new-task],methods=[GET]}" onto public java.lang.String com.task.mgn.auth.controller.TaskController.newTask(javax.servlet.http.HttpServletRequest)
[INFO ] 02-06-2017 12:07:19.210 [main] RequestMappingHandlerMapping - Mapped "{[/login],methods=[GET]}" onto public java.lang.String com.task.mgn.auth.controller.UserController.login(org.springframework.ui.Model,java.lang.String,java.lang.String)
[INFO ] 02-06-2017 12:07:19.210 [main] RequestMappingHandlerMapping - Mapped "{[/registration],methods=[GET]}" onto public java.lang.String com.task.mgn.auth.controller.UserController.registration(org.springframework.ui.Model)
[INFO ] 02-06-2017 12:07:19.210 [main] RequestMappingHandlerMapping - Mapped "{[/registration],methods=[POST]}" onto public java.lang.String com.task.mgn.auth.controller.UserController.registration(com.task.mgn.auth.model.User,org.springframework.validation.BindingResult,org.springframework.ui.Model)
[INFO ] 02-06-2017 12:07:19.212 [main] RequestMappingHandlerMapping - Mapped "{[/error]}" onto public org.springframework.http.ResponseEntity<java.util.Map<java.lang.String, java.lang.Object>> org.springframework.boot.autoconfigure.web.BasicErrorController.error(javax.servlet.http.HttpServletRequest)
[INFO ] 02-06-2017 12:07:19.212 [main] RequestMappingHandlerMapping - Mapped "{[/error],produces=[text/html]}" onto public org.springframework.web.servlet.ModelAndView org.springframework.boot.autoconfigure.web.BasicErrorController.errorHtml(javax.servlet.http.HttpServletRequest,javax.servlet.http.HttpServletResponse)
[INFO ] 02-06-2017 12:07:19.240 [main] SimpleUrlHandlerMapping - Mapped URL path [/webjars/**] onto handler of type [class org.springframework.web.servlet.resource.ResourceHttpRequestHandler]
[INFO ] 02-06-2017 12:07:19.240 [main] SimpleUrlHandlerMapping - Mapped URL path [/**] onto handler of type [class org.springframework.web.servlet.resource.ResourceHttpRequestHandler]
[INFO ] 02-06-2017 12:07:19.288 [main] SimpleUrlHandlerMapping - Mapped URL path [/**/favicon.ico] onto handler of type [class org.springframework.web.servlet.resource.ResourceHttpRequestHandler]
[INFO ] 02-06-2017 12:10:19.726 [http-nio-8080-exec-1] DispatcherServlet - FrameworkServlet 'dispatcherServlet': initialization started
[INFO ] 02-06-2017 12:10:19.750 [http-nio-8080-exec-1] DispatcherServlet - FrameworkServlet 'dispatcherServlet': initialization completed in 24 ms
[INFO ] 02-06-2017 15:18:56.988 [localhost-startStop-1] ContextLoader - Root WebApplicationContext: initialization completed in 2236 ms
[INFO ] 02-06-2017 15:18:59.806 [main] RequestMappingHandlerAdapter - Looking for @ControllerAdvice: org.springframework.boot.context.embedded.AnnotationConfigEmbeddedWebApplicationContext@4686afc2: startup date [Fri Jun 02 15:18:54 ICT 2017]; root of context hierarchy
[INFO ] 02-06-2017 15:18:59.875 [main] RequestMappingHandlerMapping - Mapped "{[/400],methods=[GET]}" onto public java.lang.String com.task.mgn.auth.controller.ErrorController.bedRequest()
[INFO ] 02-06-2017 15:18:59.876 [main] RequestMappingHandlerMapping - Mapped "{[/402],methods=[GET]}" onto public java.lang.String com.task.mgn.auth.controller.ErrorController.paymentRequired()
[INFO ] 02-06-2017 15:18:59.877 [main] RequestMappingHandlerMapping - Mapped "{[/404],methods=[GET]}" onto public java.lang.String com.task.mgn.auth.controller.ErrorController.notFound()
[INFO ] 02-06-2017 15:18:59.877 [main] RequestMappingHandlerMapping - Mapped "{[/401],methods=[GET]}" onto public java.lang.String com.task.mgn.auth.controller.ErrorController.unAuthorized()
[INFO ] 02-06-2017 15:18:59.877 [main] RequestMappingHandlerMapping - Mapped "{[/403],methods=[GET]}" onto public java.lang.String com.task.mgn.auth.controller.ErrorController.forbidden()
[INFO ] 02-06-2017 15:18:59.877 [main] RequestMappingHandlerMapping - Mapped "{[/504],methods=[GET]}" onto public java.lang.String com.task.mgn.auth.controller.ErrorController.getwayTimeout()
[INFO ] 02-06-2017 15:18:59.878 [main] RequestMappingHandlerMapping - Mapped "{[/501],methods=[GET]}" onto public java.lang.String com.task.mgn.auth.controller.ErrorController.notImplemented()
[INFO ] 02-06-2017 15:18:59.878 [main] RequestMappingHandlerMapping - Mapped "{[/502],methods=[GET]}" onto public java.lang.String com.task.mgn.auth.controller.ErrorController.bedGateway()
[INFO ] 02-06-2017 15:18:59.878 [main] RequestMappingHandlerMapping - Mapped "{[/500],methods=[GET]}" onto public java.lang.String com.task.mgn.auth.controller.ErrorController.internalServerError()
[INFO ] 02-06-2017 15:18:59.878 [main] RequestMappingHandlerMapping - Mapped "{[/503],methods=[GET]}" onto public java.lang.String com.task.mgn.auth.controller.ErrorController.serviceUnavailable()
[INFO ] 02-06-2017 15:18:59.881 [main] RequestMappingHandlerMapping - Mapped "{[/ || /dashboard],methods=[GET]}" onto public java.lang.String com.task.mgn.auth.controller.TaskController.home(javax.servlet.http.HttpServletRequest)
[INFO ] 02-06-2017 15:18:59.882 [main] RequestMappingHandlerMapping - Mapped "{[/delete-task],methods=[GET]}" onto public java.lang.String com.task.mgn.auth.controller.TaskController.deleteTask(int,javax.servlet.http.HttpServletRequest)
[INFO ] 02-06-2017 15:18:59.882 [main] RequestMappingHandlerMapping - Mapped "{[/all-tasks],methods=[GET]}" onto public java.lang.String com.task.mgn.auth.controller.TaskController.allTasks(javax.servlet.http.HttpServletRequest)
[INFO ] 02-06-2017 15:18:59.882 [main] RequestMappingHandlerMapping - Mapped "{[/new-task],methods=[GET]}" onto public java.lang.String com.task.mgn.auth.controller.TaskController.newTask(javax.servlet.http.HttpServletRequest)
[INFO ] 02-06-2017 15:18:59.882 [main] RequestMappingHandlerMapping - Mapped "{[/update-task],methods=[GET]}" onto public java.lang.String com.task.mgn.auth.controller.TaskController.updateTask(int,javax.servlet.http.HttpServletRequest)
[INFO ] 02-06-2017 15:18:59.883 [main] RequestMappingHandlerMapping - Mapped "{[/save-task],methods=[POST]}" onto public java.lang.String com.task.mgn.auth.controller.TaskController.saveTask(com.task.mgn.auth.model.Task,org.springframework.validation.BindingResult,javax.servlet.http.HttpServletRequest)
[INFO ] 02-06-2017 15:18:59.883 [main] RequestMappingHandlerMapping - Mapped "{[/login],methods=[GET]}" onto public java.lang.String com.task.mgn.auth.controller.UserController.login(org.springframework.ui.Model,java.lang.String,java.lang.String)
[INFO ] 02-06-2017 15:18:59.883 [main] RequestMappingHandlerMapping - Mapped "{[/registration],methods=[GET]}" onto public java.lang.String com.task.mgn.auth.controller.UserController.registration(org.springframework.ui.Model)
[INFO ] 02-06-2017 15:18:59.884 [main] RequestMappingHandlerMapping - Mapped "{[/registration],methods=[POST]}" onto public java.lang.String com.task.mgn.auth.controller.UserController.registration(com.task.mgn.auth.model.User,org.springframework.validation.BindingResult,org.springframework.ui.Model)
[INFO ] 02-06-2017 15:18:59.885 [main] RequestMappingHandlerMapping - Mapped "{[/error]}" onto public org.springframework.http.ResponseEntity<java.util.Map<java.lang.String, java.lang.Object>> org.springframework.boot.autoconfigure.web.BasicErrorController.error(javax.servlet.http.HttpServletRequest)
[INFO ] 02-06-2017 15:18:59.886 [main] RequestMappingHandlerMapping - Mapped "{[/error],produces=[text/html]}" onto public org.springframework.web.servlet.ModelAndView org.springframework.boot.autoconfigure.web.BasicErrorController.errorHtml(javax.servlet.http.HttpServletRequest,javax.servlet.http.HttpServletResponse)
[INFO ] 02-06-2017 15:18:59.917 [main] SimpleUrlHandlerMapping - Mapped URL path [/webjars/**] onto handler of type [class org.springframework.web.servlet.resource.ResourceHttpRequestHandler]
[INFO ] 02-06-2017 15:18:59.917 [main] SimpleUrlHandlerMapping - Mapped URL path [/**] onto handler of type [class org.springframework.web.servlet.resource.ResourceHttpRequestHandler]
[INFO ] 02-06-2017 15:18:59.959 [main] SimpleUrlHandlerMapping - Mapped URL path [/**/favicon.ico] onto handler of type [class org.springframework.web.servlet.resource.ResourceHttpRequestHandler]
[INFO ] 02-06-2017 15:19:43.770 [http-nio-8080-exec-1] DispatcherServlet - FrameworkServlet 'dispatcherServlet': initialization started
[INFO ] 02-06-2017 15:19:43.792 [http-nio-8080-exec-1] DispatcherServlet - FrameworkServlet 'dispatcherServlet': initialization completed in 21 ms
[INFO ] 02-06-2017 15:39:57.523 [localhost-startStop-1] ContextLoader - Root WebApplicationContext: initialization completed in 2219 ms
[INFO ] 02-06-2017 15:40:00.429 [main] RequestMappingHandlerAdapter - Looking for @ControllerAdvice: org.springframework.boot.context.embedded.AnnotationConfigEmbeddedWebApplicationContext@4686afc2: startup date [Fri Jun 02 15:39:55 ICT 2017]; root of context hierarchy
[INFO ] 02-06-2017 15:40:00.506 [main] RequestMappingHandlerMapping - Mapped "{[/400],methods=[GET]}" onto public java.lang.String com.task.mgn.auth.controller.ErrorController.bedRequest()
[INFO ] 02-06-2017 15:40:00.507 [main] RequestMappingHandlerMapping - Mapped "{[/401],methods=[GET]}" onto public java.lang.String com.task.mgn.auth.controller.ErrorController.unAuthorized()
[INFO ] 02-06-2017 15:40:00.507 [main] RequestMappingHandlerMapping - Mapped "{[/404],methods=[GET]}" onto public java.lang.String com.task.mgn.auth.controller.ErrorController.notFound()
[INFO ] 02-06-2017 15:40:00.507 [main] RequestMappingHandlerMapping - Mapped "{[/402],methods=[GET]}" onto public java.lang.String com.task.mgn.auth.controller.ErrorController.paymentRequired()
[INFO ] 02-06-2017 15:40:00.508 [main] RequestMappingHandlerMapping - Mapped "{[/502],methods=[GET]}" onto public java.lang.String com.task.mgn.auth.controller.ErrorController.bedGateway()
[INFO ] 02-06-2017 15:40:00.508 [main] RequestMappingHandlerMapping - Mapped "{[/501],methods=[GET]}" onto public java.lang.String com.task.mgn.auth.controller.ErrorController.notImplemented()
[INFO ] 02-06-2017 15:40:00.508 [main] RequestMappingHandlerMapping - Mapped "{[/504],methods=[GET]}" onto public java.lang.String com.task.mgn.auth.controller.ErrorController.getwayTimeout()
[INFO ] 02-06-2017 15:40:00.508 [main] RequestMappingHandlerMapping - Mapped "{[/403],methods=[GET]}" onto public java.lang.String com.task.mgn.auth.controller.ErrorController.forbidden()
[INFO ] 02-06-2017 15:40:00.508 [main] RequestMappingHandlerMapping - Mapped "{[/503],methods=[GET]}" onto public java.lang.String com.task.mgn.auth.controller.ErrorController.serviceUnavailable()
[INFO ] 02-06-2017 15:40:00.509 [main] RequestMappingHandlerMapping - Mapped "{[/500],methods=[GET]}" onto public java.lang.String com.task.mgn.auth.controller.ErrorController.internalServerError()
[INFO ] 02-06-2017 15:40:00.511 [main] RequestMappingHandlerMapping - Mapped "{[/ || /dashboard],methods=[GET]}" onto public java.lang.String com.task.mgn.auth.controller.TaskController.home(javax.servlet.http.HttpServletRequest)
[INFO ] 02-06-2017 15:40:00.512 [main] RequestMappingHandlerMapping - Mapped "{[/update-task],methods=[GET]}" onto public java.lang.String com.task.mgn.auth.controller.TaskController.updateTask(int,javax.servlet.http.HttpServletRequest)
[INFO ] 02-06-2017 15:40:00.512 [main] RequestMappingHandlerMapping - Mapped "{[/all-tasks],methods=[GET]}" onto public java.lang.String com.task.mgn.auth.controller.TaskController.allTasks(javax.servlet.http.HttpServletRequest)
[INFO ] 02-06-2017 15:40:00.512 [main] RequestMappingHandlerMapping - Mapped "{[/delete-task],methods=[GET]}" onto public java.lang.String com.task.mgn.auth.controller.TaskController.deleteTask(int,javax.servlet.http.HttpServletRequest)
[INFO ] 02-06-2017 15:40:00.512 [main] RequestMappingHandlerMapping - Mapped "{[/new-task],methods=[GET]}" onto public java.lang.String com.task.mgn.auth.controller.TaskController.newTask(javax.servlet.http.HttpServletRequest)
[INFO ] 02-06-2017 15:40:00.512 [main] RequestMappingHandlerMapping - Mapped "{[/save-task],methods=[POST]}" onto public java.lang.String com.task.mgn.auth.controller.TaskController.saveTask(com.task.mgn.auth.model.Task,org.springframework.validation.BindingResult,javax.servlet.http.HttpServletRequest)
[INFO ] 02-06-2017 15:40:00.513 [main] RequestMappingHandlerMapping - Mapped "{[/registration],methods=[POST]}" onto public java.lang.String com.task.mgn.auth.controller.UserController.registration(com.task.mgn.auth.model.User,org.springframework.validation.BindingResult,org.springframework.ui.Model)
[INFO ] 02-06-2017 15:40:00.513 [main] RequestMappingHandlerMapping - Mapped "{[/registration],methods=[GET]}" onto public java.lang.String com.task.mgn.auth.controller.UserController.registration(org.springframework.ui.Model)
[INFO ] 02-06-2017 15:40:00.514 [main] RequestMappingHandlerMapping - Mapped "{[/login],methods=[GET]}" onto public java.lang.String com.task.mgn.auth.controller.UserController.login(org.springframework.ui.Model,java.lang.String,java.lang.String)
[INFO ] 02-06-2017 15:40:00.515 [main] RequestMappingHandlerMapping - Mapped "{[/error]}" onto public org.springframework.http.ResponseEntity<java.util.Map<java.lang.String, java.lang.Object>> org.springframework.boot.autoconfigure.web.BasicErrorController.error(javax.servlet.http.HttpServletRequest)
[INFO ] 02-06-2017 15:40:00.516 [main] RequestMappingHandlerMapping - Mapped "{[/error],produces=[text/html]}" onto public org.springframework.web.servlet.ModelAndView org.springframework.boot.autoconfigure.web.BasicErrorController.errorHtml(javax.servlet.http.HttpServletRequest,javax.servlet.http.HttpServletResponse)
[INFO ] 02-06-2017 15:40:00.543 [main] SimpleUrlHandlerMapping - Mapped URL path [/webjars/**] onto handler of type [class org.springframework.web.servlet.resource.ResourceHttpRequestHandler]
[INFO ] 02-06-2017 15:40:00.544 [main] SimpleUrlHandlerMapping - Mapped URL path [/**] onto handler of type [class org.springframework.web.servlet.resource.ResourceHttpRequestHandler]
[INFO ] 02-06-2017 15:40:00.584 [main] SimpleUrlHandlerMapping - Mapped URL path [/**/favicon.ico] onto handler of type [class org.springframework.web.servlet.resource.ResourceHttpRequestHandler]
[INFO ] 02-06-2017 15:40:41.845 [http-nio-8080-exec-1] DispatcherServlet - FrameworkServlet 'dispatcherServlet': initialization started
[INFO ] 02-06-2017 15:40:41.865 [http-nio-8080-exec-1] DispatcherServlet - FrameworkServlet 'dispatcherServlet': initialization completed in 20 ms
[INFO ] 02-06-2017 16:59:02.135 [localhost-startStop-1] ContextLoader - Root WebApplicationContext: initialization completed in 2350 ms
[INFO ] 02-06-2017 16:59:05.204 [main] RequestMappingHandlerAdapter - Looking for @ControllerAdvice: org.springframework.boot.context.embedded.AnnotationConfigEmbeddedWebApplicationContext@4686afc2: startup date [Fri Jun 02 16:58:59 ICT 2017]; root of context hierarchy
[INFO ] 02-06-2017 16:59:05.288 [main] RequestMappingHandlerMapping - Mapped "{[/500],methods=[GET]}" onto public java.lang.String com.task.mgn.auth.controller.ErrorController.internalServerError()
[INFO ] 02-06-2017 16:59:05.289 [main] RequestMappingHandlerMapping - Mapped "{[/503],methods=[GET]}" onto public java.lang.String com.task.mgn.auth.controller.ErrorController.serviceUnavailable()
[INFO ] 02-06-2017 16:59:05.289 [main] RequestMappingHandlerMapping - Mapped "{[/400],methods=[GET]}" onto public java.lang.String com.task.mgn.auth.controller.ErrorController.bedRequest()
[INFO ] 02-06-2017 16:59:05.289 [main] RequestMappingHandlerMapping - Mapped "{[/501],methods=[GET]}" onto public java.lang.String com.task.mgn.auth.controller.ErrorController.notImplemented()
[INFO ] 02-06-2017 16:59:05.290 [main] RequestMappingHandlerMapping - Mapped "{[/502],methods=[GET]}" onto public java.lang.String com.task.mgn.auth.controller.ErrorController.bedGateway()
[INFO ] 02-06-2017 16:59:05.290 [main] RequestMappingHandlerMapping - Mapped "{[/504],methods=[GET]}" onto public java.lang.String com.task.mgn.auth.controller.ErrorController.getwayTimeout()
[INFO ] 02-06-2017 16:59:05.290 [main] RequestMappingHandlerMapping - Mapped "{[/403],methods=[GET]}" onto public java.lang.String com.task.mgn.auth.controller.ErrorController.forbidden()
[INFO ] 02-06-2017 16:59:05.290 [main] RequestMappingHandlerMapping - Mapped "{[/401],methods=[GET]}" onto public java.lang.String com.task.mgn.auth.controller.ErrorController.unAuthorized()
[INFO ] 02-06-2017 16:59:05.290 [main] RequestMappingHandlerMapping - Mapped "{[/404],methods=[GET]}" onto public java.lang.String com.task.mgn.auth.controller.ErrorController.notFound()
[INFO ] 02-06-2017 16:59:05.291 [main] RequestMappingHandlerMapping - Mapped "{[/402],methods=[GET]}" onto public java.lang.String com.task.mgn.auth.controller.ErrorController.paymentRequired()
[INFO ] 02-06-2017 16:59:05.293 [main] RequestMappingHandlerMapping - Mapped "{[/ || /dashboard],methods=[GET]}" onto public java.lang.String com.task.mgn.auth.controller.TaskController.home(javax.servlet.http.HttpServletRequest)
[INFO ] 02-06-2017 16:59:05.293 [main] RequestMappingHandlerMapping - Mapped "{[/update-task],methods=[GET]}" onto public java.lang.String com.task.mgn.auth.controller.TaskController.updateTask(int,javax.servlet.http.HttpServletRequest)
[INFO ] 02-06-2017 16:59:05.294 [main] RequestMappingHandlerMapping - Mapped "{[/delete-task],methods=[GET]}" onto public java.lang.String com.task.mgn.auth.controller.TaskController.deleteTask(int,javax.servlet.http.HttpServletRequest)
[INFO ] 02-06-2017 16:59:05.294 [main] RequestMappingHandlerMapping - Mapped "{[/new-task],methods=[GET]}" onto public java.lang.String com.task.mgn.auth.controller.TaskController.newTask(javax.servlet.http.HttpServletRequest)
[INFO ] 02-06-2017 16:59:05.294 [main] RequestMappingHandlerMapping - Mapped "{[/save-task],methods=[POST]}" onto public java.lang.String com.task.mgn.auth.controller.TaskController.saveTask(com.task.mgn.auth.model.Task,org.springframework.validation.BindingResult,javax.servlet.http.HttpServletRequest)
[INFO ] 02-06-2017 16:59:05.294 [main] RequestMappingHandlerMapping - Mapped "{[/all-tasks],methods=[GET]}" onto public java.lang.String com.task.mgn.auth.controller.TaskController.allTasks(javax.servlet.http.HttpServletRequest)
[INFO ] 02-06-2017 16:59:05.295 [main] RequestMappingHandlerMapping - Mapped "{[/registration],methods=[POST]}" onto public java.lang.String com.task.mgn.auth.controller.UserController.registration(com.task.mgn.auth.model.User,org.springframework.validation.BindingResult,org.springframework.ui.Model)
[INFO ] 02-06-2017 16:59:05.295 [main] RequestMappingHandlerMapping - Mapped "{[/registration],methods=[GET]}" onto public java.lang.String com.task.mgn.auth.controller.UserController.registration(org.springframework.ui.Model)
[INFO ] 02-06-2017 16:59:05.295 [main] RequestMappingHandlerMapping - Mapped "{[/login],methods=[GET]}" onto public java.lang.String com.task.mgn.auth.controller.UserController.login(org.springframework.ui.Model,java.lang.String,java.lang.String)
[INFO ] 02-06-2017 16:59:05.297 [main] RequestMappingHandlerMapping - Mapped "{[/error]}" onto public org.springframework.http.ResponseEntity<java.util.Map<java.lang.String, java.lang.Object>> org.springframework.boot.autoconfigure.web.BasicErrorController.error(javax.servlet.http.HttpServletRequest)
[INFO ] 02-06-2017 16:59:05.297 [main] RequestMappingHandlerMapping - Mapped "{[/error],produces=[text/html]}" onto public org.springframework.web.servlet.ModelAndView org.springframework.boot.autoconfigure.web.BasicErrorController.errorHtml(javax.servlet.http.HttpServletRequest,javax.servlet.http.HttpServletResponse)
[INFO ] 02-06-2017 16:59:05.339 [main] SimpleUrlHandlerMapping - Mapped URL path [/webjars/**] onto handler of type [class org.springframework.web.servlet.resource.ResourceHttpRequestHandler]
[INFO ] 02-06-2017 16:59:05.339 [main] SimpleUrlHandlerMapping - Mapped URL path [/**] onto handler of type [class org.springframework.web.servlet.resource.ResourceHttpRequestHandler]
[INFO ] 02-06-2017 16:59:05.380 [main] SimpleUrlHandlerMapping - Mapped URL path [/**/favicon.ico] onto handler of type [class org.springframework.web.servlet.resource.ResourceHttpRequestHandler]
[INFO ] 02-06-2017 16:59:21.103 [http-nio-8080-exec-1] DispatcherServlet - FrameworkServlet 'dispatcherServlet': initialization started
[INFO ] 02-06-2017 16:59:21.120 [http-nio-8080-exec-1] DispatcherServlet - FrameworkServlet 'dispatcherServlet': initialization completed in 16 ms
[INFO ] 02-06-2017 17:07:39.147 [localhost-startStop-1] ContextLoader - Root WebApplicationContext: initialization completed in 2371 ms
[INFO ] 02-06-2017 17:07:42.024 [main] RequestMappingHandlerAdapter - Looking for @ControllerAdvice: org.springframework.boot.context.embedded.AnnotationConfigEmbeddedWebApplicationContext@4686afc2: startup date [Fri Jun 02 17:07:36 ICT 2017]; root of context hierarchy
[INFO ] 02-06-2017 17:07:42.096 [main] RequestMappingHandlerMapping - Mapped "{[/500],methods=[GET]}" onto public java.lang.String com.task.mgn.auth.controller.ErrorController.internalServerError()
[INFO ] 02-06-2017 17:07:42.097 [main] RequestMappingHandlerMapping - Mapped "{[/503],methods=[GET]}" onto public java.lang.String com.task.mgn.auth.controller.ErrorController.serviceUnavailable()
[INFO ] 02-06-2017 17:07:42.097 [main] RequestMappingHandlerMapping - Mapped "{[/400],methods=[GET]}" onto public java.lang.String com.task.mgn.auth.controller.ErrorController.bedRequest()
[INFO ] 02-06-2017 17:07:42.098 [main] RequestMappingHandlerMapping - Mapped "{[/403],methods=[GET]}" onto public java.lang.String com.task.mgn.auth.controller.ErrorController.forbidden()
[INFO ] 02-06-2017 17:07:42.099 [main] RequestMappingHandlerMapping - Mapped "{[/404],methods=[GET]}" onto public java.lang.String com.task.mgn.auth.controller.ErrorController.notFound()
[INFO ] 02-06-2017 17:07:42.099 [main] RequestMappingHandlerMapping - Mapped "{[/502],methods=[GET]}" onto public java.lang.String com.task.mgn.auth.controller.ErrorController.bedGateway()
[INFO ] 02-06-2017 17:07:42.099 [main] RequestMappingHandlerMapping - Mapped "{[/401],methods=[GET]}" onto public java.lang.String com.task.mgn.auth.controller.ErrorController.unAuthorized()
[INFO ] 02-06-2017 17:07:42.099 [main] RequestMappingHandlerMapping - Mapped "{[/402],methods=[GET]}" onto public java.lang.String com.task.mgn.auth.controller.ErrorController.paymentRequired()
[INFO ] 02-06-2017 17:07:42.099 [main] RequestMappingHandlerMapping - Mapped "{[/504],methods=[GET]}" onto public java.lang.String com.task.mgn.auth.controller.ErrorController.getwayTimeout()
[INFO ] 02-06-2017 17:07:42.099 [main] RequestMappingHandlerMapping - Mapped "{[/501],methods=[GET]}" onto public java.lang.String com.task.mgn.auth.controller.ErrorController.notImplemented()
[INFO ] 02-06-2017 17:07:42.101 [main] RequestMappingHandlerMapping - Mapped "{[/ || /dashboard],methods=[GET]}" onto public java.lang.String com.task.mgn.auth.controller.TaskController.home(javax.servlet.http.HttpServletRequest)
[INFO ] 02-06-2017 17:07:42.102 [main] RequestMappingHandlerMapping - Mapped "{[/new-task],methods=[GET]}" onto public java.lang.String com.task.mgn.auth.controller.TaskController.newTask(javax.servlet.http.HttpServletRequest)
[INFO ] 02-06-2017 17:07:42.102 [main] RequestMappingHandlerMapping - Mapped "{[/delete-task],methods=[GET]}" onto public java.lang.String com.task.mgn.auth.controller.TaskController.deleteTask(int,javax.servlet.http.HttpServletRequest)
[INFO ] 02-06-2017 17:07:42.102 [main] RequestMappingHandlerMapping - Mapped "{[/save-task],methods=[POST]}" onto public java.lang.String com.task.mgn.auth.controller.TaskController.saveTask(com.task.mgn.auth.model.Task,org.springframework.validation.BindingResult,javax.servlet.http.HttpServletRequest)
[INFO ] 02-06-2017 17:07:42.102 [main] RequestMappingHandlerMapping - Mapped "{[/all-tasks],methods=[GET]}" onto public java.lang.String com.task.mgn.auth.controller.TaskController.allTasks(javax.servlet.http.HttpServletRequest)
[INFO ] 02-06-2017 17:07:42.103 [main] RequestMappingHandlerMapping - Mapped "{[/update-task],methods=[GET]}" onto public java.lang.String com.task.mgn.auth.controller.TaskController.updateTask(int,javax.servlet.http.HttpServletRequest)
[INFO ] 02-06-2017 17:07:42.103 [main] RequestMappingHandlerMapping - Mapped "{[/registration],methods=[POST]}" onto public java.lang.String com.task.mgn.auth.controller.UserController.registration(com.task.mgn.auth.model.User,org.springframework.validation.BindingResult,org.springframework.ui.Model)
[INFO ] 02-06-2017 17:07:42.104 [main] RequestMappingHandlerMapping - Mapped "{[/registration],methods=[GET]}" onto public java.lang.String com.task.mgn.auth.controller.UserController.registration(org.springframework.ui.Model)
[INFO ] 02-06-2017 17:07:42.104 [main] RequestMappingHandlerMapping - Mapped "{[/login],methods=[GET]}" onto public java.lang.String com.task.mgn.auth.controller.UserController.login(org.springframework.ui.Model,java.lang.String,java.lang.String)
[INFO ] 02-06-2017 17:07:42.106 [main] RequestMappingHandlerMapping - Mapped "{[/error]}" onto public org.springframework.http.ResponseEntity<java.util.Map<java.lang.String, java.lang.Object>> org.springframework.boot.autoconfigure.web.BasicErrorController.error(javax.servlet.http.HttpServletRequest)
[INFO ] 02-06-2017 17:07:42.106 [main] RequestMappingHandlerMapping - Mapped "{[/error],produces=[text/html]}" onto public org.springframework.web.servlet.ModelAndView org.springframework.boot.autoconfigure.web.BasicErrorController.errorHtml(javax.servlet.http.HttpServletRequest,javax.servlet.http.HttpServletResponse)
[INFO ] 02-06-2017 17:07:42.137 [main] SimpleUrlHandlerMapping - Mapped URL path [/webjars/**] onto handler of type [class org.springframework.web.servlet.resource.ResourceHttpRequestHandler]
[INFO ] 02-06-2017 17:07:42.138 [main] SimpleUrlHandlerMapping - Mapped URL path [/**] onto handler of type [class org.springframework.web.servlet.resource.ResourceHttpRequestHandler]
[INFO ] 02-06-2017 17:07:42.178 [main] SimpleUrlHandlerMapping - Mapped URL path [/**/favicon.ico] onto handler of type [class org.springframework.web.servlet.resource.ResourceHttpRequestHandler]
[INFO ] 02-06-2017 17:08:20.637 [http-nio-8080-exec-1] DispatcherServlet - FrameworkServlet 'dispatcherServlet': initialization started
[INFO ] 02-06-2017 17:08:20.693 [http-nio-8080-exec-1] DispatcherServlet - FrameworkServlet 'dispatcherServlet': initialization completed in 56 ms
[INFO ] 02-06-2017 18:40:04.251 [localhost-startStop-1] ContextLoader - Root WebApplicationContext: initialization completed in 2413 ms
[INFO ] 02-06-2017 18:40:07.403 [main] RequestMappingHandlerAdapter - Looking for @ControllerAdvice: org.springframework.boot.context.embedded.AnnotationConfigEmbeddedWebApplicationContext@4686afc2: startup date [Fri Jun 02 18:40:01 ICT 2017]; root of context hierarchy
[INFO ] 02-06-2017 18:40:07.475 [main] RequestMappingHandlerMapping - Mapped "{[/503],methods=[GET]}" onto public java.lang.String com.task.mgn.auth.controller.ErrorController.serviceUnavailable()
[INFO ] 02-06-2017 18:40:07.476 [main] RequestMappingHandlerMapping - Mapped "{[/500],methods=[GET]}" onto public java.lang.String com.task.mgn.auth.controller.ErrorController.internalServerError()
[INFO ] 02-06-2017 18:40:07.476 [main] RequestMappingHandlerMapping - Mapped "{[/400],methods=[GET]}" onto public java.lang.String com.task.mgn.auth.controller.ErrorController.bedRequest()
[INFO ] 02-06-2017 18:40:07.476 [main] RequestMappingHandlerMapping - Mapped "{[/502],methods=[GET]}" onto public java.lang.String com.task.mgn.auth.controller.ErrorController.bedGateway()
[INFO ] 02-06-2017 18:40:07.477 [main] RequestMappingHandlerMapping - Mapped "{[/404],methods=[GET]}" onto public java.lang.String com.task.mgn.auth.controller.ErrorController.notFound()
[INFO ] 02-06-2017 18:40:07.477 [main] RequestMappingHandlerMapping - Mapped "{[/504],methods=[GET]}" onto public java.lang.String com.task.mgn.auth.controller.ErrorController.getwayTimeout()
[INFO ] 02-06-2017 18:40:07.477 [main] RequestMappingHandlerMapping - Mapped "{[/401],methods=[GET]}" onto public java.lang.String com.task.mgn.auth.controller.ErrorController.unAuthorized()
[INFO ] 02-06-2017 18:40:07.477 [main] RequestMappingHandlerMapping - Mapped "{[/402],methods=[GET]}" onto public java.lang.String com.task.mgn.auth.controller.ErrorController.paymentRequired()
[INFO ] 02-06-2017 18:40:07.477 [main] RequestMappingHandlerMapping - Mapped "{[/403],methods=[GET]}" onto public java.lang.String com.task.mgn.auth.controller.ErrorController.forbidden()
[INFO ] 02-06-2017 18:40:07.478 [main] RequestMappingHandlerMapping - Mapped "{[/501],methods=[GET]}" onto public java.lang.String com.task.mgn.auth.controller.ErrorController.notImplemented()
[INFO ] 02-06-2017 18:40:07.480 [main] RequestMappingHandlerMapping - Mapped "{[/ || /dashboard],methods=[GET]}" onto public java.lang.String com.task.mgn.auth.controller.TaskController.home(javax.servlet.http.HttpServletRequest)
[INFO ] 02-06-2017 18:40:07.481 [main] RequestMappingHandlerMapping - Mapped "{[/save-task],methods=[POST]}" onto public java.lang.String com.task.mgn.auth.controller.TaskController.saveTask(com.task.mgn.auth.model.Task,org.springframework.validation.BindingResult,javax.servlet.http.HttpServletRequest)
[INFO ] 02-06-2017 18:40:07.481 [main] RequestMappingHandlerMapping - Mapped "{[/all-tasks],methods=[GET]}" onto public java.lang.String com.task.mgn.auth.controller.TaskController.allTasks(javax.servlet.http.HttpServletRequest)
[INFO ] 02-06-2017 18:40:07.481 [main] RequestMappingHandlerMapping - Mapped "{[/new-task],methods=[GET]}" onto public java.lang.String com.task.mgn.auth.controller.TaskController.newTask(javax.servlet.http.HttpServletRequest)
[INFO ] 02-06-2017 18:40:07.481 [main] RequestMappingHandlerMapping - Mapped "{[/delete-task],methods=[GET]}" onto public java.lang.String com.task.mgn.auth.controller.TaskController.deleteTask(int,javax.servlet.http.HttpServletRequest)
[INFO ] 02-06-2017 18:40:07.482 [main] RequestMappingHandlerMapping - Mapped "{[/update-task],methods=[GET]}" onto public java.lang.String com.task.mgn.auth.controller.TaskController.updateTask(int,javax.servlet.http.HttpServletRequest)
[INFO ] 02-06-2017 18:40:07.482 [main] RequestMappingHandlerMapping - Mapped "{[/registration],methods=[POST]}" onto public java.lang.String com.task.mgn.auth.controller.UserController.registration(com.task.mgn.auth.model.User,org.springframework.validation.BindingResult,org.springframework.ui.Model)
[INFO ] 02-06-2017 18:40:07.483 [main] RequestMappingHandlerMapping - Mapped "{[/registration],methods=[GET]}" onto public java.lang.String com.task.mgn.auth.controller.UserController.registration(org.springframework.ui.Model)
[INFO ] 02-06-2017 18:40:07.484 [main] RequestMappingHandlerMapping - Mapped "{[/login],methods=[GET]}" onto public java.lang.String com.task.mgn.auth.controller.UserController.login(org.springframework.ui.Model,java.lang.String,java.lang.String)
[INFO ] 02-06-2017 18:40:07.487 [main] RequestMappingHandlerMapping - Mapped "{[/error]}" onto public org.springframework.http.ResponseEntity<java.util.Map<java.lang.String, java.lang.Object>> org.springframework.boot.autoconfigure.web.BasicErrorController.error(javax.servlet.http.HttpServletRequest)
[INFO ] 02-06-2017 18:40:07.487 [main] RequestMappingHandlerMapping - Mapped "{[/error],produces=[text/html]}" onto public org.springframework.web.servlet.ModelAndView org.springframework.boot.autoconfigure.web.BasicErrorController.errorHtml(javax.servlet.http.HttpServletRequest,javax.servlet.http.HttpServletResponse)
[INFO ] 02-06-2017 18:40:07.516 [main] SimpleUrlHandlerMapping - Mapped URL path [/webjars/**] onto handler of type [class org.springframework.web.servlet.resource.ResourceHttpRequestHandler]
[INFO ] 02-06-2017 18:40:07.517 [main] SimpleUrlHandlerMapping - Mapped URL path [/**] onto handler of type [class org.springframework.web.servlet.resource.ResourceHttpRequestHandler]
[INFO ] 02-06-2017 18:40:07.576 [main] SimpleUrlHandlerMapping - Mapped URL path [/**/favicon.ico] onto handler of type [class org.springframework.web.servlet.resource.ResourceHttpRequestHandler]
[INFO ] 02-06-2017 18:41:10.412 [http-nio-8080-exec-1] DispatcherServlet - FrameworkServlet 'dispatcherServlet': initialization started
[INFO ] 02-06-2017 18:41:10.434 [http-nio-8080-exec-1] DispatcherServlet - FrameworkServlet 'dispatcherServlet': initialization completed in 22 ms
[INFO ] 02-06-2017 18:55:30.637 [localhost-startStop-1] ContextLoader - Root WebApplicationContext: initialization completed in 3109 ms
[INFO ] 02-06-2017 18:55:33.739 [main] RequestMappingHandlerAdapter - Looking for @ControllerAdvice: org.springframework.boot.context.embedded.AnnotationConfigEmbeddedWebApplicationContext@4686afc2: startup date [Fri Jun 02 18:55:27 ICT 2017]; root of context hierarchy
[INFO ] 02-06-2017 18:55:33.826 [main] RequestMappingHandlerMapping - Mapped "{[/400],methods=[GET]}" onto public java.lang.String com.task.mgn.auth.controller.ErrorController.bedRequest()
[INFO ] 02-06-2017 18:55:33.827 [main] RequestMappingHandlerMapping - Mapped "{[/403],methods=[GET]}" onto public java.lang.String com.task.mgn.auth.controller.ErrorController.forbidden()
[INFO ] 02-06-2017 18:55:33.827 [main] RequestMappingHandlerMapping - Mapped "{[/504],methods=[GET]}" onto public java.lang.String com.task.mgn.auth.controller.ErrorController.getwayTimeout()
[INFO ] 02-06-2017 18:55:33.828 [main] RequestMappingHandlerMapping - Mapped "{[/501],methods=[GET]}" onto public java.lang.String com.task.mgn.auth.controller.ErrorController.notImplemented()
[INFO ] 02-06-2017 18:55:33.828 [main] RequestMappingHandlerMapping - Mapped "{[/404],methods=[GET]}" onto public java.lang.String com.task.mgn.auth.controller.ErrorController.notFound()
[INFO ] 02-06-2017 18:55:33.828 [main] RequestMappingHandlerMapping - Mapped "{[/401],methods=[GET]}" onto public java.lang.String com.task.mgn.auth.controller.ErrorController.unAuthorized()
[INFO ] 02-06-2017 18:55:33.828 [main] RequestMappingHandlerMapping - Mapped "{[/402],methods=[GET]}" onto public java.lang.String com.task.mgn.auth.controller.ErrorController.paymentRequired()
[INFO ] 02-06-2017 18:55:33.829 [main] RequestMappingHandlerMapping - Mapped "{[/502],methods=[GET]}" onto public java.lang.String com.task.mgn.auth.controller.ErrorController.bedGateway()
[INFO ] 02-06-2017 18:55:33.829 [main] RequestMappingHandlerMapping - Mapped "{[/500],methods=[GET]}" onto public java.lang.String com.task.mgn.auth.controller.ErrorController.internalServerError()
[INFO ] 02-06-2017 18:55:33.829 [main] RequestMappingHandlerMapping - Mapped "{[/503],methods=[GET]}" onto public java.lang.String com.task.mgn.auth.controller.ErrorController.serviceUnavailable()
[INFO ] 02-06-2017 18:55:33.833 [main] RequestMappingHandlerMapping - Mapped "{[/update-task],methods=[GET]}" onto public java.lang.String com.task.mgn.auth.controller.TaskController.updateTask(int,javax.servlet.http.HttpServletRequest)
[INFO ] 02-06-2017 18:55:33.833 [main] RequestMappingHandlerMapping - Mapped "{[/all-tasks],methods=[GET]}" onto public java.lang.String com.task.mgn.auth.controller.TaskController.allTasks(javax.servlet.http.HttpServletRequest)
[INFO ] 02-06-2017 18:55:33.833 [main] RequestMappingHandlerMapping - Mapped "{[/delete-task],methods=[GET]}" onto public java.lang.String com.task.mgn.auth.controller.TaskController.deleteTask(int,javax.servlet.http.HttpServletRequest)
[INFO ] 02-06-2017 18:55:33.834 [main] RequestMappingHandlerMapping - Mapped "{[/save-task],methods=[POST]}" onto public java.lang.String com.task.mgn.auth.controller.TaskController.saveTask(com.task.mgn.auth.model.Task,org.springframework.validation.BindingResult,javax.servlet.http.HttpServletRequest)
[INFO ] 02-06-2017 18:55:33.834 [main] RequestMappingHandlerMapping - Mapped "{[/new-task],methods=[GET]}" onto public java.lang.String com.task.mgn.auth.controller.TaskController.newTask(javax.servlet.http.HttpServletRequest)
[INFO ] 02-06-2017 18:55:33.835 [main] RequestMappingHandlerMapping - Mapped "{[/ || /dashboard],methods=[GET]}" onto public java.lang.String com.task.mgn.auth.controller.TaskController.home(javax.servlet.http.HttpServletRequest)
[INFO ] 02-06-2017 18:55:33.836 [main] RequestMappingHandlerMapping - Mapped "{[/login],methods=[GET]}" onto public java.lang.String com.task.mgn.auth.controller.UserController.login(org.springframework.ui.Model,java.lang.String,java.lang.String)
[INFO ] 02-06-2017 18:55:33.836 [main] RequestMappingHandlerMapping - Mapped "{[/registration],methods=[GET]}" onto public java.lang.String com.task.mgn.auth.controller.UserController.registration(org.springframework.ui.Model)
[INFO ] 02-06-2017 18:55:33.836 [main] RequestMappingHandlerMapping - Mapped "{[/registration],methods=[POST]}" onto public java.lang.String com.task.mgn.auth.controller.UserController.registration(com.task.mgn.auth.model.User,org.springframework.validation.BindingResult,org.springframework.ui.Model)
[INFO ] 02-06-2017 18:55:33.838 [main] RequestMappingHandlerMapping - Mapped "{[/error]}" onto public org.springframework.http.ResponseEntity<java.util.Map<java.lang.String, java.lang.Object>> org.springframework.boot.autoconfigure.web.BasicErrorController.error(javax.servlet.http.HttpServletRequest)
[INFO ] 02-06-2017 18:55:33.839 [main] RequestMappingHandlerMapping - Mapped "{[/error],produces=[text/html]}" onto public org.springframework.web.servlet.ModelAndView org.springframework.boot.autoconfigure.web.BasicErrorController.errorHtml(javax.servlet.http.HttpServletRequest,javax.servlet.http.HttpServletResponse)
[INFO ] 02-06-2017 18:55:33.870 [main] SimpleUrlHandlerMapping - Mapped URL path [/webjars/**] onto handler of type [class org.springframework.web.servlet.resource.ResourceHttpRequestHandler]
[INFO ] 02-06-2017 18:55:33.871 [main] SimpleUrlHandlerMapping - Mapped URL path [/**] onto handler of type [class org.springframework.web.servlet.resource.ResourceHttpRequestHandler]
[INFO ] 02-06-2017 18:55:33.926 [main] SimpleUrlHandlerMapping - Mapped URL path [/**/favicon.ico] onto handler of type [class org.springframework.web.servlet.resource.ResourceHttpRequestHandler]
[INFO ] 02-06-2017 18:58:52.993 [http-nio-8080-exec-1] DispatcherServlet - FrameworkServlet 'dispatcherServlet': initialization started
[INFO ] 02-06-2017 18:58:53.012 [http-nio-8080-exec-1] DispatcherServlet - FrameworkServlet 'dispatcherServlet': initialization completed in 19 ms
[INFO ] 05-06-2017 08:12:01.459 [localhost-startStop-1] ContextLoader - Root WebApplicationContext: initialization completed in 3012 ms
[INFO ] 05-06-2017 08:12:08.030 [main] RequestMappingHandlerAdapter - Looking for @ControllerAdvice: org.springframework.boot.context.embedded.AnnotationConfigEmbeddedWebApplicationContext@4686afc2: startup date [Mon Jun 05 08:11:58 ICT 2017]; root of context hierarchy
[INFO ] 05-06-2017 08:12:08.135 [main] RequestMappingHandlerMapping - Mapped "{[/500],methods=[GET]}" onto public java.lang.String com.task.mgn.auth.controller.ErrorController.internalServerError()
[INFO ] 05-06-2017 08:12:08.137 [main] RequestMappingHandlerMapping - Mapped "{[/503],methods=[GET]}" onto public java.lang.String com.task.mgn.auth.controller.ErrorController.serviceUnavailable()
[INFO ] 05-06-2017 08:12:08.137 [main] RequestMappingHandlerMapping - Mapped "{[/400],methods=[GET]}" onto public java.lang.String com.task.mgn.auth.controller.ErrorController.bedRequest()
[INFO ] 05-06-2017 08:12:08.137 [main] RequestMappingHandlerMapping - Mapped "{[/401],methods=[GET]}" onto public java.lang.String com.task.mgn.auth.controller.ErrorController.unAuthorized()
[INFO ] 05-06-2017 08:12:08.138 [main] RequestMappingHandlerMapping - Mapped "{[/402],methods=[GET]}" onto public java.lang.String com.task.mgn.auth.controller.ErrorController.paymentRequired()
[INFO ] 05-06-2017 08:12:08.138 [main] RequestMappingHandlerMapping - Mapped "{[/404],methods=[GET]}" onto public java.lang.String com.task.mgn.auth.controller.ErrorController.notFound()
[INFO ] 05-06-2017 08:12:08.138 [main] RequestMappingHandlerMapping - Mapped "{[/501],methods=[GET]}" onto public java.lang.String com.task.mgn.auth.controller.ErrorController.notImplemented()
[INFO ] 05-06-2017 08:12:08.138 [main] RequestMappingHandlerMapping - Mapped "{[/403],methods=[GET]}" onto public java.lang.String com.task.mgn.auth.controller.ErrorController.forbidden()
[INFO ] 05-06-2017 08:12:08.138 [main] RequestMappingHandlerMapping - Mapped "{[/502],methods=[GET]}" onto public java.lang.String com.task.mgn.auth.controller.ErrorController.bedGateway()
[INFO ] 05-06-2017 08:12:08.139 [main] RequestMappingHandlerMapping - Mapped "{[/504],methods=[GET]}" onto public java.lang.String com.task.mgn.auth.controller.ErrorController.getwayTimeout()
[INFO ] 05-06-2017 08:12:08.142 [main] RequestMappingHandlerMapping - Mapped "{[/ || /dashboard],methods=[GET]}" onto public java.lang.String com.task.mgn.auth.controller.TaskController.home(javax.servlet.http.HttpServletRequest)
[INFO ] 05-06-2017 08:12:08.142 [main] RequestMappingHandlerMapping - Mapped "{[/delete-task],methods=[GET]}" onto public java.lang.String com.task.mgn.auth.controller.TaskController.deleteTask(int,javax.servlet.http.HttpServletRequest)
[INFO ] 05-06-2017 08:12:08.142 [main] RequestMappingHandlerMapping - Mapped "{[/save-task],methods=[POST]}" onto public java.lang.String com.task.mgn.auth.controller.TaskController.saveTask(com.task.mgn.auth.model.Task,org.springframework.validation.BindingResult,javax.servlet.http.HttpServletRequest)
[INFO ] 05-06-2017 08:12:08.143 [main] RequestMappingHandlerMapping - Mapped "{[/all-tasks],methods=[GET]}" onto public java.lang.String com.task.mgn.auth.controller.TaskController.allTasks(javax.servlet.http.HttpServletRequest)
[INFO ] 05-06-2017 08:12:08.143 [main] RequestMappingHandlerMapping - Mapped "{[/new-task],methods=[GET]}" onto public java.lang.String com.task.mgn.auth.controller.TaskController.newTask(javax.servlet.http.HttpServletRequest)
[INFO ] 05-06-2017 08:12:08.143 [main] RequestMappingHandlerMapping - Mapped "{[/update-task],methods=[GET]}" onto public java.lang.String com.task.mgn.auth.controller.TaskController.updateTask(int,javax.servlet.http.HttpServletRequest)
[INFO ] 05-06-2017 08:12:08.143 [main] RequestMappingHandlerMapping - Mapped "{[/registration],methods=[POST]}" onto public java.lang.String com.task.mgn.auth.controller.UserController.registration(com.task.mgn.auth.model.User,org.springframework.validation.BindingResult,org.springframework.ui.Model)
[INFO ] 05-06-2017 08:12:08.144 [main] RequestMappingHandlerMapping - Mapped "{[/registration],methods=[GET]}" onto public java.lang.String com.task.mgn.auth.controller.UserController.registration(org.springframework.ui.Model)
[INFO ] 05-06-2017 08:12:08.144 [main] RequestMappingHandlerMapping - Mapped "{[/login],methods=[GET]}" onto public java.lang.String com.task.mgn.auth.controller.UserController.login(org.springframework.ui.Model,java.lang.String,java.lang.String)
[INFO ] 05-06-2017 08:12:08.146 [main] RequestMappingHandlerMapping - Mapped "{[/error]}" onto public org.springframework.http.ResponseEntity<java.util.Map<java.lang.String, java.lang.Object>> org.springframework.boot.autoconfigure.web.BasicErrorController.error(javax.servlet.http.HttpServletRequest)
[INFO ] 05-06-2017 08:12:08.146 [main] RequestMappingHandlerMapping - Mapped "{[/error],produces=[text/html]}" onto public org.springframework.web.servlet.ModelAndView org.springframework.boot.autoconfigure.web.BasicErrorController.errorHtml(javax.servlet.http.HttpServletRequest,javax.servlet.http.HttpServletResponse)
[INFO ] 05-06-2017 08:12:08.176 [main] SimpleUrlHandlerMapping - Mapped URL path [/webjars/**] onto handler of type [class org.springframework.web.servlet.resource.ResourceHttpRequestHandler]
[INFO ] 05-06-2017 08:12:08.177 [main] SimpleUrlHandlerMapping - Mapped URL path [/**] onto handler of type [class org.springframework.web.servlet.resource.ResourceHttpRequestHandler]
[INFO ] 05-06-2017 08:12:08.218 [main] SimpleUrlHandlerMapping - Mapped URL path [/**/favicon.ico] onto handler of type [class org.springframework.web.servlet.resource.ResourceHttpRequestHandler]
[INFO ] 05-06-2017 08:13:15.279 [http-nio-8080-exec-1] DispatcherServlet - FrameworkServlet 'dispatcherServlet': initialization started
[INFO ] 05-06-2017 08:13:15.297 [http-nio-8080-exec-1] DispatcherServlet - FrameworkServlet 'dispatcherServlet': initialization completed in 18 ms
[INFO ] 05-06-2017 19:54:14.791 [localhost-startStop-1] ContextLoader - Root WebApplicationContext: initialization completed in 1763 ms
[INFO ] 05-06-2017 19:56:12.162 [localhost-startStop-1] ContextLoader - Root WebApplicationContext: initialization completed in 2048 ms
[INFO ] 05-06-2017 20:04:22.823 [localhost-startStop-1] ContextLoader - Root WebApplicationContext: initialization completed in 1840 ms
[INFO ] 05-06-2017 20:04:50.444 [localhost-startStop-1] ContextLoader - Root WebApplicationContext: initialization completed in 2201 ms
[INFO ] 05-06-2017 20:06:50.743 [localhost-startStop-1] ContextLoader - Root WebApplicationContext: initialization completed in 1912 ms
[INFO ] 06-06-2017 08:33:52.644 [localhost-startStop-1] ContextLoader - Root WebApplicationContext: initialization completed in 3069 ms
[INFO ] 06-06-2017 08:33:59.522 [main] RequestMappingHandlerAdapter - Looking for @ControllerAdvice: org.springframework.boot.context.embedded.AnnotationConfigEmbeddedWebApplicationContext@e350b40: startup date [Tue Jun 06 08:33:49 ICT 2017]; root of context hierarchy
[INFO ] 06-06-2017 08:33:59.583 [main] RequestMappingHandlerMapping - Mapped "{[/400],methods=[GET]}" onto public java.lang.String com.task.mgn.auth.controller.ErrorController.bedRequest()
[INFO ] 06-06-2017 08:33:59.585 [main] RequestMappingHandlerMapping - Mapped "{[/402],methods=[GET]}" onto public java.lang.String com.task.mgn.auth.controller.ErrorController.paymentRequired()
[INFO ] 06-06-2017 08:33:59.585 [main] RequestMappingHandlerMapping - Mapped "{[/504],methods=[GET]}" onto public java.lang.String com.task.mgn.auth.controller.ErrorController.getwayTimeout()
[INFO ] 06-06-2017 08:33:59.585 [main] RequestMappingHandlerMapping - Mapped "{[/403],methods=[GET]}" onto public java.lang.String com.task.mgn.auth.controller.ErrorController.forbidden()
[INFO ] 06-06-2017 08:33:59.585 [main] RequestMappingHandlerMapping - Mapped "{[/404],methods=[GET]}" onto public java.lang.String com.task.mgn.auth.controller.ErrorController.notFound()
[INFO ] 06-06-2017 08:33:59.585 [main] RequestMappingHandlerMapping - Mapped "{[/502],methods=[GET]}" onto public java.lang.String com.task.mgn.auth.controller.ErrorController.bedGateway()
[INFO ] 06-06-2017 08:33:59.585 [main] RequestMappingHandlerMapping - Mapped "{[/401],methods=[GET]}" onto public java.lang.String com.task.mgn.auth.controller.ErrorController.unAuthorized()
[INFO ] 06-06-2017 08:33:59.586 [main] RequestMappingHandlerMapping - Mapped "{[/501],methods=[GET]}" onto public java.lang.String com.task.mgn.auth.controller.ErrorController.notImplemented()
[INFO ] 06-06-2017 08:33:59.586 [main] RequestMappingHandlerMapping - Mapped "{[/503],methods=[GET]}" onto public java.lang.String com.task.mgn.auth.controller.ErrorController.serviceUnavailable()
[INFO ] 06-06-2017 08:33:59.586 [main] RequestMappingHandlerMapping - Mapped "{[/500],methods=[GET]}" onto public java.lang.String com.task.mgn.auth.controller.ErrorController.internalServerError()
[INFO ] 06-06-2017 08:33:59.588 [main] RequestMappingHandlerMapping - Mapped "{[/save-task],methods=[POST]}" onto public java.lang.String com.task.mgn.auth.controller.TaskController.saveTask(com.task.mgn.auth.model.Task,org.springframework.validation.BindingResult,javax.servlet.http.HttpServletRequest)
[INFO ] 06-06-2017 08:33:59.589 [main] RequestMappingHandlerMapping - Mapped "{[/new-task],methods=[GET]}" onto public java.lang.String com.task.mgn.auth.controller.TaskController.newTask(javax.servlet.http.HttpServletRequest)
[INFO ] 06-06-2017 08:33:59.589 [main] RequestMappingHandlerMapping - Mapped "{[/delete-task],methods=[GET]}" onto public java.lang.String com.task.mgn.auth.controller.TaskController.deleteTask(int,javax.servlet.http.HttpServletRequest)
[INFO ] 06-06-2017 08:33:59.589 [main] RequestMappingHandlerMapping - Mapped "{[/update-task],methods=[GET]}" onto public java.lang.String com.task.mgn.auth.controller.TaskController.updateTask(int,javax.servlet.http.HttpServletRequest)
[INFO ] 06-06-2017 08:33:59.590 [main] RequestMappingHandlerMapping - Mapped "{[/all-tasks],methods=[GET]}" onto public java.lang.String com.task.mgn.auth.controller.TaskController.allTasks(javax.servlet.http.HttpServletRequest)
[INFO ] 06-06-2017 08:33:59.590 [main] RequestMappingHandlerMapping - Mapped "{[/ || /dashboard],methods=[GET]}" onto public java.lang.String com.task.mgn.auth.controller.TaskController.home(javax.servlet.http.HttpServletRequest)
[INFO ] 06-06-2017 08:33:59.590 [main] RequestMappingHandlerMapping - Mapped "{[/registration],methods=[POST]}" onto public java.lang.String com.task.mgn.auth.controller.UserController.registration(com.task.mgn.auth.model.User,org.springframework.validation.BindingResult,org.springframework.ui.Model)
[INFO ] 06-06-2017 08:33:59.590 [main] RequestMappingHandlerMapping - Mapped "{[/registration],methods=[GET]}" onto public java.lang.String com.task.mgn.auth.controller.UserController.registration(org.springframework.ui.Model)
[INFO ] 06-06-2017 08:33:59.591 [main] RequestMappingHandlerMapping - Mapped "{[/login],methods=[GET]}" onto public java.lang.String com.task.mgn.auth.controller.UserController.login(org.springframework.ui.Model,java.lang.String,java.lang.String)
[INFO ] 06-06-2017 08:33:59.592 [main] RequestMappingHandlerMapping - Mapped "{[/error]}" onto public org.springframework.http.ResponseEntity<java.util.Map<java.lang.String, java.lang.Object>> org.springframework.boot.autoconfigure.web.BasicErrorController.error(javax.servlet.http.HttpServletRequest)
[INFO ] 06-06-2017 08:33:59.593 [main] RequestMappingHandlerMapping - Mapped "{[/error],produces=[text/html]}" onto public org.springframework.web.servlet.ModelAndView org.springframework.boot.autoconfigure.web.BasicErrorController.errorHtml(javax.servlet.http.HttpServletRequest,javax.servlet.http.HttpServletResponse)
[INFO ] 06-06-2017 08:33:59.628 [main] SimpleUrlHandlerMapping - Mapped URL path [/webjars/**] onto handler of type [class org.springframework.web.servlet.resource.ResourceHttpRequestHandler]
[INFO ] 06-06-2017 08:33:59.629 [main] SimpleUrlHandlerMapping - Mapped URL path [/**] onto handler of type [class org.springframework.web.servlet.resource.ResourceHttpRequestHandler]
[INFO ] 06-06-2017 08:33:59.675 [main] SimpleUrlHandlerMapping - Mapped URL path [/**/favicon.ico] onto handler of type [class org.springframework.web.servlet.resource.ResourceHttpRequestHandler]
[INFO ] 06-06-2017 08:35:32.814 [localhost-startStop-1] ContextLoader - Root WebApplicationContext: initialization completed in 2224 ms
[INFO ] 06-06-2017 08:35:36.146 [main] RequestMappingHandlerAdapter - Looking for @ControllerAdvice: org.springframework.boot.context.embedded.AnnotationConfigEmbeddedWebApplicationContext@e350b40: startup date [Tue Jun 06 08:35:30 ICT 2017]; root of context hierarchy
[INFO ] 06-06-2017 08:35:36.225 [main] RequestMappingHandlerMapping - Mapped "{[/504],methods=[GET]}" onto public java.lang.String com.task.mgn.auth.controller.ErrorController.getwayTimeout()
[INFO ] 06-06-2017 08:35:36.226 [main] RequestMappingHandlerMapping - Mapped "{[/501],methods=[GET]}" onto public java.lang.String com.task.mgn.auth.controller.ErrorController.notImplemented()
[INFO ] 06-06-2017 08:35:36.226 [main] RequestMappingHandlerMapping - Mapped "{[/403],methods=[GET]}" onto public java.lang.String com.task.mgn.auth.controller.ErrorController.forbidden()
[INFO ] 06-06-2017 08:35:36.227 [main] RequestMappingHandlerMapping - Mapped "{[/402],methods=[GET]}" onto public java.lang.String com.task.mgn.auth.controller.ErrorController.paymentRequired()
[INFO ] 06-06-2017 08:35:36.227 [main] RequestMappingHandlerMapping - Mapped "{[/401],methods=[GET]}" onto public java.lang.String com.task.mgn.auth.controller.ErrorController.unAuthorized()
[INFO ] 06-06-2017 08:35:36.227 [main] RequestMappingHandlerMapping - Mapped "{[/502],methods=[GET]}" onto public java.lang.String com.task.mgn.auth.controller.ErrorController.bedGateway()
[INFO ] 06-06-2017 08:35:36.227 [main] RequestMappingHandlerMapping - Mapped "{[/400],methods=[GET]}" onto public java.lang.String com.task.mgn.auth.controller.ErrorController.bedRequest()
[INFO ] 06-06-2017 08:35:36.227 [main] RequestMappingHandlerMapping - Mapped "{[/404],methods=[GET]}" onto public java.lang.String com.task.mgn.auth.controller.ErrorController.notFound()
[INFO ] 06-06-2017 08:35:36.228 [main] RequestMappingHandlerMapping - Mapped "{[/500],methods=[GET]}" onto public java.lang.String com.task.mgn.auth.controller.ErrorController.internalServerError()
[INFO ] 06-06-2017 08:35:36.228 [main] RequestMappingHandlerMapping - Mapped "{[/503],methods=[GET]}" onto public java.lang.String com.task.mgn.auth.controller.ErrorController.serviceUnavailable()
[INFO ] 06-06-2017 08:35:36.231 [main] RequestMappingHandlerMapping - Mapped "{[/all-tasks],methods=[GET]}" onto public java.lang.String com.task.mgn.auth.controller.TaskController.allTasks(javax.servlet.http.HttpServletRequest)
[INFO ] 06-06-2017 08:35:36.232 [main] RequestMappingHandlerMapping - Mapped "{[/new-task],methods=[GET]}" onto public java.lang.String com.task.mgn.auth.controller.TaskController.newTask(javax.servlet.http.HttpServletRequest)
[INFO ] 06-06-2017 08:35:36.232 [main] RequestMappingHandlerMapping - Mapped "{[/update-task],methods=[GET]}" onto public java.lang.String com.task.mgn.auth.controller.TaskController.updateTask(int,javax.servlet.http.HttpServletRequest)
[INFO ] 06-06-2017 08:35:36.232 [main] RequestMappingHandlerMapping - Mapped "{[/delete-task],methods=[GET]}" onto public java.lang.String com.task.mgn.auth.controller.TaskController.deleteTask(int,javax.servlet.http.HttpServletRequest)
[INFO ] 06-06-2017 08:35:36.233 [main] RequestMappingHandlerMapping - Mapped "{[/save-task],methods=[POST]}" onto public java.lang.String com.task.mgn.auth.controller.TaskController.saveTask(com.task.mgn.auth.model.Task,org.springframework.validation.BindingResult,javax.servlet.http.HttpServletRequest)
[INFO ] 06-06-2017 08:35:36.233 [main] RequestMappingHandlerMapping - Mapped "{[/ || /dashboard],methods=[GET]}" onto public java.lang.String com.task.mgn.auth.controller.TaskController.home(javax.servlet.http.HttpServletRequest)
[INFO ] 06-06-2017 08:35:36.233 [main] RequestMappingHandlerMapping - Mapped "{[/login],methods=[GET]}" onto public java.lang.String com.task.mgn.auth.controller.UserController.login(org.springframework.ui.Model,java.lang.String,java.lang.String)
[INFO ] 06-06-2017 08:35:36.234 [main] RequestMappingHandlerMapping - Mapped "{[/registration],methods=[GET]}" onto public java.lang.String com.task.mgn.auth.controller.UserController.registration(org.springframework.ui.Model)
[INFO ] 06-06-2017 08:35:36.234 [main] RequestMappingHandlerMapping - Mapped "{[/registration],methods=[POST]}" onto public java.lang.String com.task.mgn.auth.controller.UserController.registration(com.task.mgn.auth.model.User,org.springframework.validation.BindingResult,org.springframework.ui.Model)
[INFO ] 06-06-2017 08:35:36.236 [main] RequestMappingHandlerMapping - Mapped "{[/error]}" onto public org.springframework.http.ResponseEntity<java.util.Map<java.lang.String, java.lang.Object>> org.springframework.boot.autoconfigure.web.BasicErrorController.error(javax.servlet.http.HttpServletRequest)
[INFO ] 06-06-2017 08:35:36.237 [main] RequestMappingHandlerMapping - Mapped "{[/error],produces=[text/html]}" onto public org.springframework.web.servlet.ModelAndView org.springframework.boot.autoconfigure.web.BasicErrorController.errorHtml(javax.servlet.http.HttpServletRequest,javax.servlet.http.HttpServletResponse)
[INFO ] 06-06-2017 08:35:36.282 [main] SimpleUrlHandlerMapping - Mapped URL path [/webjars/**] onto handler of type [class org.springframework.web.servlet.resource.ResourceHttpRequestHandler]
[INFO ] 06-06-2017 08:35:36.283 [main] SimpleUrlHandlerMapping - Mapped URL path [/**] onto handler of type [class org.springframework.web.servlet.resource.ResourceHttpRequestHandler]
[INFO ] 06-06-2017 08:35:36.323 [main] SimpleUrlHandlerMapping - Mapped URL path [/**/favicon.ico] onto handler of type [class org.springframework.web.servlet.resource.ResourceHttpRequestHandler]
[INFO ] 06-06-2017 08:35:52.159 [http-nio-8080-exec-1] DispatcherServlet - FrameworkServlet 'dispatcherServlet': initialization started
[INFO ] 06-06-2017 08:35:52.183 [http-nio-8080-exec-1] DispatcherServlet - FrameworkServlet 'dispatcherServlet': initialization completed in 23 ms
[INFO ] 06-06-2017 08:37:08.682 [localhost-startStop-1] ContextLoader - Root WebApplicationContext: initialization completed in 2484 ms
[INFO ] 06-06-2017 08:37:11.826 [main] RequestMappingHandlerAdapter - Looking for @ControllerAdvice: org.springframework.boot.context.embedded.AnnotationConfigEmbeddedWebApplicationContext@e350b40: startup date [Tue Jun 06 08:37:06 ICT 2017]; root of context hierarchy
[INFO ] 06-06-2017 08:37:11.886 [main] RequestMappingHandlerMapping - Mapped "{[/400],methods=[GET]}" onto public java.lang.String com.task.mgn.auth.controller.ErrorController.bedRequest()
[INFO ] 06-06-2017 08:37:11.887 [main] RequestMappingHandlerMapping - Mapped "{[/404],methods=[GET]}" onto public java.lang.String com.task.mgn.auth.controller.ErrorController.notFound()
[INFO ] 06-06-2017 08:37:11.887 [main] RequestMappingHandlerMapping - Mapped "{[/402],methods=[GET]}" onto public java.lang.String com.task.mgn.auth.controller.ErrorController.paymentRequired()
[INFO ] 06-06-2017 08:37:11.888 [main] RequestMappingHandlerMapping - Mapped "{[/504],methods=[GET]}" onto public java.lang.String com.task.mgn.auth.controller.ErrorController.getwayTimeout()
[INFO ] 06-06-2017 08:37:11.888 [main] RequestMappingHandlerMapping - Mapped "{[/501],methods=[GET]}" onto public java.lang.String com.task.mgn.auth.controller.ErrorController.notImplemented()
[INFO ] 06-06-2017 08:37:11.888 [main] RequestMappingHandlerMapping - Mapped "{[/502],methods=[GET]}" onto public java.lang.String com.task.mgn.auth.controller.ErrorController.bedGateway()
[INFO ] 06-06-2017 08:37:11.888 [main] RequestMappingHandlerMapping - Mapped "{[/401],methods=[GET]}" onto public java.lang.String com.task.mgn.auth.controller.ErrorController.unAuthorized()
[INFO ] 06-06-2017 08:37:11.888 [main] RequestMappingHandlerMapping - Mapped "{[/403],methods=[GET]}" onto public java.lang.String com.task.mgn.auth.controller.ErrorController.forbidden()
[INFO ] 06-06-2017 08:37:11.889 [main] RequestMappingHandlerMapping - Mapped "{[/503],methods=[GET]}" onto public java.lang.String com.task.mgn.auth.controller.ErrorController.serviceUnavailable()
[INFO ] 06-06-2017 08:37:11.889 [main] RequestMappingHandlerMapping - Mapped "{[/500],methods=[GET]}" onto public java.lang.String com.task.mgn.auth.controller.ErrorController.internalServerError()
[INFO ] 06-06-2017 08:37:11.892 [main] RequestMappingHandlerMapping - Mapped "{[/ || /dashboard],methods=[GET]}" onto public java.lang.String com.task.mgn.auth.controller.TaskController.home(javax.servlet.http.HttpServletRequest)
[INFO ] 06-06-2017 08:37:11.892 [main] RequestMappingHandlerMapping - Mapped "{[/update-task],methods=[GET]}" onto public java.lang.String com.task.mgn.auth.controller.TaskController.updateTask(int,javax.servlet.http.HttpServletRequest)
[INFO ] 06-06-2017 08:37:11.893 [main] RequestMappingHandlerMapping - Mapped "{[/new-task],methods=[GET]}" onto public java.lang.String com.task.mgn.auth.controller.TaskController.newTask(javax.servlet.http.HttpServletRequest)
[INFO ] 06-06-2017 08:37:11.893 [main] RequestMappingHandlerMapping - Mapped "{[/save-task],methods=[POST]}" onto public java.lang.String com.task.mgn.auth.controller.TaskController.saveTask(com.task.mgn.auth.model.Task,org.springframework.validation.BindingResult,javax.servlet.http.HttpServletRequest)
[INFO ] 06-06-2017 08:37:11.893 [main] RequestMappingHandlerMapping - Mapped "{[/all-tasks],methods=[GET]}" onto public java.lang.String com.task.mgn.auth.controller.TaskController.allTasks(javax.servlet.http.HttpServletRequest)
[INFO ] 06-06-2017 08:37:11.893 [main] RequestMappingHandlerMapping - Mapped "{[/delete-task],methods=[GET]}" onto public java.lang.String com.task.mgn.auth.controller.TaskController.deleteTask(int,javax.servlet.http.HttpServletRequest)
[INFO ] 06-06-2017 08:37:11.894 [main] RequestMappingHandlerMapping - Mapped "{[/login],methods=[GET]}" onto public java.lang.String com.task.mgn.auth.controller.UserController.login(org.springframework.ui.Model,java.lang.String,java.lang.String)
[INFO ] 06-06-2017 08:37:11.895 [main] RequestMappingHandlerMapping - Mapped "{[/registration],methods=[GET]}" onto public java.lang.String com.task.mgn.auth.controller.UserController.registration(org.springframework.ui.Model)
[INFO ] 06-06-2017 08:37:11.895 [main] RequestMappingHandlerMapping - Mapped "{[/registration],methods=[POST]}" onto public java.lang.String com.task.mgn.auth.controller.UserController.registration(com.task.mgn.auth.model.User,org.springframework.validation.BindingResult,org.springframework.ui.Model)
[INFO ] 06-06-2017 08:37:11.896 [main] RequestMappingHandlerMapping - Mapped "{[/error]}" onto public org.springframework.http.ResponseEntity<java.util.Map<java.lang.String, java.lang.Object>> org.springframework.boot.autoconfigure.web.BasicErrorController.error(javax.servlet.http.HttpServletRequest)
[INFO ] 06-06-2017 08:37:11.897 [main] RequestMappingHandlerMapping - Mapped "{[/error],produces=[text/html]}" onto public org.springframework.web.servlet.ModelAndView org.springframework.boot.autoconfigure.web.BasicErrorController.errorHtml(javax.servlet.http.HttpServletRequest,javax.servlet.http.HttpServletResponse)
[INFO ] 06-06-2017 08:37:11.935 [main] SimpleUrlHandlerMapping - Mapped URL path [/webjars/**] onto handler of type [class org.springframework.web.servlet.resource.ResourceHttpRequestHandler]
[INFO ] 06-06-2017 08:37:11.936 [main] SimpleUrlHandlerMapping - Mapped URL path [/**] onto handler of type [class org.springframework.web.servlet.resource.ResourceHttpRequestHandler]
[INFO ] 06-06-2017 08:37:11.987 [main] SimpleUrlHandlerMapping - Mapped URL path [/**/favicon.ico] onto handler of type [class org.springframework.web.servlet.resource.ResourceHttpRequestHandler]
[INFO ] 06-06-2017 08:37:37.500 [http-nio-8080-exec-1] DispatcherServlet - FrameworkServlet 'dispatcherServlet': initialization started
[INFO ] 06-06-2017 08:37:37.516 [http-nio-8080-exec-1] DispatcherServlet - FrameworkServlet 'dispatcherServlet': initialization completed in 16 ms
[INFO ] 06-06-2017 08:40:46.561 [localhost-startStop-1] ContextLoader - Root WebApplicationContext: initialization completed in 2329 ms
[INFO ] 06-06-2017 08:40:49.759 [main] RequestMappingHandlerAdapter - Looking for @ControllerAdvice: org.springframework.boot.context.embedded.AnnotationConfigEmbeddedWebApplicationContext@35aea049: startup date [Tue Jun 06 08:40:44 ICT 2017]; root of context hierarchy
[INFO ] 06-06-2017 08:40:49.839 [main] RequestMappingHandlerMapping - Mapped "{[/500],methods=[GET]}" onto public java.lang.String com.task.mgn.auth.controller.ErrorController.internalServerError()
[INFO ] 06-06-2017 08:40:49.840 [main] RequestMappingHandlerMapping - Mapped "{[/503],methods=[GET]}" onto public java.lang.String com.task.mgn.auth.controller.ErrorController.serviceUnavailable()
[INFO ] 06-06-2017 08:40:49.840 [main] RequestMappingHandlerMapping - Mapped "{[/400],methods=[GET]}" onto public java.lang.String com.task.mgn.auth.controller.ErrorController.bedRequest()
[INFO ] 06-06-2017 08:40:49.840 [main] RequestMappingHandlerMapping - Mapped "{[/504],methods=[GET]}" onto public java.lang.String com.task.mgn.auth.controller.ErrorController.getwayTimeout()
[INFO ] 06-06-2017 08:40:49.841 [main] RequestMappingHandlerMapping - Mapped "{[/501],methods=[GET]}" onto public java.lang.String com.task.mgn.auth.controller.ErrorController.notImplemented()
[INFO ] 06-06-2017 08:40:49.841 [main] RequestMappingHandlerMapping - Mapped "{[/402],methods=[GET]}" onto public java.lang.String com.task.mgn.auth.controller.ErrorController.paymentRequired()
[INFO ] 06-06-2017 08:40:49.841 [main] RequestMappingHandlerMapping - Mapped "{[/404],methods=[GET]}" onto public java.lang.String com.task.mgn.auth.controller.ErrorController.notFound()
[INFO ] 06-06-2017 08:40:49.841 [main] RequestMappingHandlerMapping - Mapped "{[/403],methods=[GET]}" onto public java.lang.String com.task.mgn.auth.controller.ErrorController.forbidden()
[INFO ] 06-06-2017 08:40:49.841 [main] RequestMappingHandlerMapping - Mapped "{[/401],methods=[GET]}" onto public java.lang.String com.task.mgn.auth.controller.ErrorController.unAuthorized()
[INFO ] 06-06-2017 08:40:49.842 [main] RequestMappingHandlerMapping - Mapped "{[/502],methods=[GET]}" onto public java.lang.String com.task.mgn.auth.controller.ErrorController.bedGateway()
[INFO ] 06-06-2017 08:40:49.845 [main] RequestMappingHandlerMapping - Mapped "{[/ || /dashboard],methods=[GET]}" onto public java.lang.String com.task.mgn.auth.controller.TaskController.home(javax.servlet.http.HttpServletRequest)
[INFO ] 06-06-2017 08:40:49.845 [main] RequestMappingHandlerMapping - Mapped "{[/all-tasks],methods=[GET]}" onto public java.lang.String com.task.mgn.auth.controller.TaskController.allTasks(javax.servlet.http.HttpServletRequest)
[INFO ] 06-06-2017 08:40:49.845 [main] RequestMappingHandlerMapping - Mapped "{[/new-task],methods=[GET]}" onto public java.lang.String com.task.mgn.auth.controller.TaskController.newTask(javax.servlet.http.HttpServletRequest)
[INFO ] 06-06-2017 08:40:49.845 [main] RequestMappingHandlerMapping - Mapped "{[/update-task],methods=[GET]}" onto public java.lang.String com.task.mgn.auth.controller.TaskController.updateTask(int,javax.servlet.http.HttpServletRequest)
[INFO ] 06-06-2017 08:40:49.846 [main] RequestMappingHandlerMapping - Mapped "{[/delete-task],methods=[GET]}" onto public java.lang.String com.task.mgn.auth.controller.TaskController.deleteTask(int,javax.servlet.http.HttpServletRequest)
[INFO ] 06-06-2017 08:40:49.846 [main] RequestMappingHandlerMapping - Mapped "{[/save-task],methods=[POST]}" onto public java.lang.String com.task.mgn.auth.controller.TaskController.saveTask(com.task.mgn.auth.model.Task,org.springframework.validation.BindingResult,javax.servlet.http.HttpServletRequest)
[INFO ] 06-06-2017 08:40:49.846 [main] RequestMappingHandlerMapping - Mapped "{[/registration],methods=[POST]}" onto public java.lang.String com.task.mgn.auth.controller.UserController.registration(com.task.mgn.auth.model.User,org.springframework.validation.BindingResult,org.springframework.ui.Model)
[INFO ] 06-06-2017 08:40:49.847 [main] RequestMappingHandlerMapping - Mapped "{[/registration],methods=[GET]}" onto public java.lang.String com.task.mgn.auth.controller.UserController.registration(org.springframework.ui.Model)
[INFO ] 06-06-2017 08:40:49.847 [main] RequestMappingHandlerMapping - Mapped "{[/login],methods=[GET]}" onto public java.lang.String com.task.mgn.auth.controller.UserController.login(org.springframework.ui.Model,java.lang.String,java.lang.String)
[INFO ] 06-06-2017 08:40:49.849 [main] RequestMappingHandlerMapping - Mapped "{[/error]}" onto public org.springframework.http.ResponseEntity<java.util.Map<java.lang.String, java.lang.Object>> org.springframework.boot.autoconfigure.web.BasicErrorController.error(javax.servlet.http.HttpServletRequest)
[INFO ] 06-06-2017 08:40:49.849 [main] RequestMappingHandlerMapping - Mapped "{[/error],produces=[text/html]}" onto public org.springframework.web.servlet.ModelAndView org.springframework.boot.autoconfigure.web.BasicErrorController.errorHtml(javax.servlet.http.HttpServletRequest,javax.servlet.http.HttpServletResponse)
[INFO ] 06-06-2017 08:40:49.883 [main] SimpleUrlHandlerMapping - Mapped URL path [/webjars/**] onto handler of type [class org.springframework.web.servlet.resource.ResourceHttpRequestHandler]
[INFO ] 06-06-2017 08:40:49.883 [main] SimpleUrlHandlerMapping - Mapped URL path [/**] onto handler of type [class org.springframework.web.servlet.resource.ResourceHttpRequestHandler]
[INFO ] 06-06-2017 08:40:49.938 [main] SimpleUrlHandlerMapping - Mapped URL path [/**/favicon.ico] onto handler of type [class org.springframework.web.servlet.resource.ResourceHttpRequestHandler]
[INFO ] 06-06-2017 08:40:57.434 [http-nio-8080-exec-1] DispatcherServlet - FrameworkServlet 'dispatcherServlet': initialization started
[INFO ] 06-06-2017 08:40:57.453 [http-nio-8080-exec-1] DispatcherServlet - FrameworkServlet 'dispatcherServlet': initialization completed in 19 ms
[INFO ] 06-06-2017 08:42:01.728 [localhost-startStop-1] ContextLoader - Root WebApplicationContext: initialization completed in 3120 ms
[INFO ] 06-06-2017 08:42:04.736 [main] RequestMappingHandlerAdapter - Looking for @ControllerAdvice: org.springframework.boot.context.embedded.AnnotationConfigEmbeddedWebApplicationContext@35aea049: startup date [Tue Jun 06 08:41:58 ICT 2017]; root of context hierarchy
[INFO ] 06-06-2017 08:42:04.817 [main] RequestMappingHandlerMapping - Mapped "{[/404],methods=[GET]}" onto public java.lang.String com.task.mgn.auth.controller.ErrorController.notFound()
[INFO ] 06-06-2017 08:42:04.818 [main] RequestMappingHandlerMapping - Mapped "{[/401],methods=[GET]}" onto public java.lang.String com.task.mgn.auth.controller.ErrorController.unAuthorized()
[INFO ] 06-06-2017 08:42:04.819 [main] RequestMappingHandlerMapping - Mapped "{[/403],methods=[GET]}" onto public java.lang.String com.task.mgn.auth.controller.ErrorController.forbidden()
[INFO ] 06-06-2017 08:42:04.819 [main] RequestMappingHandlerMapping - Mapped "{[/400],methods=[GET]}" onto public java.lang.String com.task.mgn.auth.controller.ErrorController.bedRequest()
[INFO ] 06-06-2017 08:42:04.820 [main] RequestMappingHandlerMapping - Mapped "{[/402],methods=[GET]}" onto public java.lang.String com.task.mgn.auth.controller.ErrorController.paymentRequired()
[INFO ] 06-06-2017 08:42:04.821 [main] RequestMappingHandlerMapping - Mapped "{[/501],methods=[GET]}" onto public java.lang.String com.task.mgn.auth.controller.ErrorController.notImplemented()
[INFO ] 06-06-2017 08:42:04.821 [main] RequestMappingHandlerMapping - Mapped "{[/502],methods=[GET]}" onto public java.lang.String com.task.mgn.auth.controller.ErrorController.bedGateway()
[INFO ] 06-06-2017 08:42:04.822 [main] RequestMappingHandlerMapping - Mapped "{[/504],methods=[GET]}" onto public java.lang.String com.task.mgn.auth.controller.ErrorController.getwayTimeout()
[INFO ] 06-06-2017 08:42:04.822 [main] RequestMappingHandlerMapping - Mapped "{[/500],methods=[GET]}" onto public java.lang.String com.task.mgn.auth.controller.ErrorController.internalServerError()
[INFO ] 06-06-2017 08:42:04.822 [main] RequestMappingHandlerMapping - Mapped "{[/503],methods=[GET]}" onto public java.lang.String com.task.mgn.auth.controller.ErrorController.serviceUnavailable()
[INFO ] 06-06-2017 08:42:04.825 [main] RequestMappingHandlerMapping - Mapped "{[/delete-task],methods=[GET]}" onto public java.lang.String com.task.mgn.auth.controller.TaskController.deleteTask(int,javax.servlet.http.HttpServletRequest)
[INFO ] 06-06-2017 08:42:04.826 [main] RequestMappingHandlerMapping - Mapped "{[/new-task],methods=[GET]}" onto public java.lang.String com.task.mgn.auth.controller.TaskController.newTask(javax.servlet.http.HttpServletRequest)
[INFO ] 06-06-2017 08:42:04.826 [main] RequestMappingHandlerMapping - Mapped "{[/save-task],methods=[POST]}" onto public java.lang.String com.task.mgn.auth.controller.TaskController.saveTask(com.task.mgn.auth.model.Task,org.springframework.validation.BindingResult,javax.servlet.http.HttpServletRequest)
[INFO ] 06-06-2017 08:42:04.826 [main] RequestMappingHandlerMapping - Mapped "{[/update-task],methods=[GET]}" onto public java.lang.String com.task.mgn.auth.controller.TaskController.updateTask(int,javax.servlet.http.HttpServletRequest)
[INFO ] 06-06-2017 08:42:04.826 [main] RequestMappingHandlerMapping - Mapped "{[/all-tasks],methods=[GET]}" onto public java.lang.String com.task.mgn.auth.controller.TaskController.allTasks(javax.servlet.http.HttpServletRequest)
[INFO ] 06-06-2017 08:42:04.827 [main] RequestMappingHandlerMapping - Mapped "{[/ || /dashboard],methods=[GET]}" onto public java.lang.String com.task.mgn.auth.controller.TaskController.home(javax.servlet.http.HttpServletRequest)
[INFO ] 06-06-2017 08:42:04.827 [main] RequestMappingHandlerMapping - Mapped "{[/registration],methods=[POST]}" onto public java.lang.String com.task.mgn.auth.controller.UserController.registration(com.task.mgn.auth.model.User,org.springframework.validation.BindingResult,org.springframework.ui.Model)
[INFO ] 06-06-2017 08:42:04.828 [main] RequestMappingHandlerMapping - Mapped "{[/registration],methods=[GET]}" onto public java.lang.String com.task.mgn.auth.controller.UserController.registration(org.springframework.ui.Model)
[INFO ] 06-06-2017 08:42:04.828 [main] RequestMappingHandlerMapping - Mapped "{[/login],methods=[GET]}" onto public java.lang.String com.task.mgn.auth.controller.UserController.login(org.springframework.ui.Model,java.lang.String,java.lang.String)
[INFO ] 06-06-2017 08:42:04.830 [main] RequestMappingHandlerMapping - Mapped "{[/error]}" onto public org.springframework.http.ResponseEntity<java.util.Map<java.lang.String, java.lang.Object>> org.springframework.boot.autoconfigure.web.BasicErrorController.error(javax.servlet.http.HttpServletRequest)
[INFO ] 06-06-2017 08:42:04.831 [main] RequestMappingHandlerMapping - Mapped "{[/error],produces=[text/html]}" onto public org.springframework.web.servlet.ModelAndView org.springframework.boot.autoconfigure.web.BasicErrorController.errorHtml(javax.servlet.http.HttpServletRequest,javax.servlet.http.HttpServletResponse)
[INFO ] 06-06-2017 08:42:04.867 [main] SimpleUrlHandlerMapping - Mapped URL path [/webjars/**] onto handler of type [class org.springframework.web.servlet.resource.ResourceHttpRequestHandler]
[INFO ] 06-06-2017 08:42:04.868 [main] SimpleUrlHandlerMapping - Mapped URL path [/**] onto handler of type [class org.springframework.web.servlet.resource.ResourceHttpRequestHandler]
[INFO ] 06-06-2017 08:42:04.905 [main] SimpleUrlHandlerMapping - Mapped URL path [/**/favicon.ico] onto handler of type [class org.springframework.web.servlet.resource.ResourceHttpRequestHandler]
[INFO ] 06-06-2017 08:42:10.345 [http-nio-8080-exec-1] DispatcherServlet - FrameworkServlet 'dispatcherServlet': initialization started
[INFO ] 06-06-2017 08:42:10.368 [http-nio-8080-exec-1] DispatcherServlet - FrameworkServlet 'dispatcherServlet': initialization completed in 23 ms
[INFO ] 06-06-2017 09:17:14.250 [localhost-startStop-1] ContextLoader - Root WebApplicationContext: initialization completed in 2954 ms
[INFO ] 06-06-2017 09:17:17.598 [main] RequestMappingHandlerAdapter - Looking for @ControllerAdvice: org.springframework.boot.context.embedded.AnnotationConfigEmbeddedWebApplicationContext@4686afc2: startup date [Tue Jun 06 09:17:11 ICT 2017]; root of context hierarchy
[INFO ] 06-06-2017 09:17:17.687 [main] RequestMappingHandlerMapping - Mapped "{[/500],methods=[GET]}" onto public java.lang.String com.task.mgn.auth.controller.ErrorController.internalServerError()
[INFO ] 06-06-2017 09:17:17.688 [main] RequestMappingHandlerMapping - Mapped "{[/503],methods=[GET]}" onto public java.lang.String com.task.mgn.auth.controller.ErrorController.serviceUnavailable()
[INFO ] 06-06-2017 09:17:17.688 [main] RequestMappingHandlerMapping - Mapped "{[/401],methods=[GET]}" onto public java.lang.String com.task.mgn.auth.controller.ErrorController.unAuthorized()
[INFO ] 06-06-2017 09:17:17.689 [main] RequestMappingHandlerMapping - Mapped "{[/402],methods=[GET]}" onto public java.lang.String com.task.mgn.auth.controller.ErrorController.paymentRequired()
[INFO ] 06-06-2017 09:17:17.689 [main] RequestMappingHandlerMapping - Mapped "{[/403],methods=[GET]}" onto public java.lang.String com.task.mgn.auth.controller.ErrorController.forbidden()
[INFO ] 06-06-2017 09:17:17.689 [main] RequestMappingHandlerMapping - Mapped "{[/501],methods=[GET]}" onto public java.lang.String com.task.mgn.auth.controller.ErrorController.notImplemented()
[INFO ] 06-06-2017 09:17:17.689 [main] RequestMappingHandlerMapping - Mapped "{[/502],methods=[GET]}" onto public java.lang.String com.task.mgn.auth.controller.ErrorController.bedGateway()
[INFO ] 06-06-2017 09:17:17.689 [main] RequestMappingHandlerMapping - Mapped "{[/400],methods=[GET]}" onto public java.lang.String com.task.mgn.auth.controller.ErrorController.bedRequest()
[INFO ] 06-06-2017 09:17:17.690 [main] RequestMappingHandlerMapping - Mapped "{[/404],methods=[GET]}" onto public java.lang.String com.task.mgn.auth.controller.ErrorController.notFound()
[INFO ] 06-06-2017 09:17:17.690 [main] RequestMappingHandlerMapping - Mapped "{[/504],methods=[GET]}" onto public java.lang.String com.task.mgn.auth.controller.ErrorController.getwayTimeout()
[INFO ] 06-06-2017 09:17:17.693 [main] RequestMappingHandlerMapping - Mapped "{[/ || /dashboard],methods=[GET]}" onto public java.lang.String com.task.mgn.auth.controller.TaskController.home(javax.servlet.http.HttpServletRequest)
[INFO ] 06-06-2017 09:17:17.693 [main] RequestMappingHandlerMapping - Mapped "{[/update-task],methods=[GET]}" onto public java.lang.String com.task.mgn.auth.controller.TaskController.updateTask(int,javax.servlet.http.HttpServletRequest)
[INFO ] 06-06-2017 09:17:17.694 [main] RequestMappingHandlerMapping - Mapped "{[/new-task],methods=[GET]}" onto public java.lang.String com.task.mgn.auth.controller.TaskController.newTask(javax.servlet.http.HttpServletRequest)
[INFO ] 06-06-2017 09:17:17.694 [main] RequestMappingHandlerMapping - Mapped "{[/delete-task],methods=[GET]}" onto public java.lang.String com.task.mgn.auth.controller.TaskController.deleteTask(int,javax.servlet.http.HttpServletRequest)
[INFO ] 06-06-2017 09:17:17.694 [main] RequestMappingHandlerMapping - Mapped "{[/all-tasks],methods=[GET]}" onto public java.lang.String com.task.mgn.auth.controller.TaskController.allTasks(javax.servlet.http.HttpServletRequest)
[INFO ] 06-06-2017 09:17:17.694 [main] RequestMappingHandlerMapping - Mapped "{[/save-task],methods=[POST]}" onto public java.lang.String com.task.mgn.auth.controller.TaskController.saveTask(com.task.mgn.auth.model.Task,org.springframework.validation.BindingResult,javax.servlet.http.HttpServletRequest)
[INFO ] 06-06-2017 09:17:17.695 [main] RequestMappingHandlerMapping - Mapped "{[/registration],methods=[POST]}" onto public java.lang.String com.task.mgn.auth.controller.UserController.registration(com.task.mgn.auth.model.User,org.springframework.validation.BindingResult,org.springframework.ui.Model)
[INFO ] 06-06-2017 09:17:17.695 [main] RequestMappingHandlerMapping - Mapped "{[/registration],methods=[GET]}" onto public java.lang.String com.task.mgn.auth.controller.UserController.registration(org.springframework.ui.Model)
[INFO ] 06-06-2017 09:17:17.696 [main] RequestMappingHandlerMapping - Mapped "{[/login],methods=[GET]}" onto public java.lang.String com.task.mgn.auth.controller.UserController.login(org.springframework.ui.Model,java.lang.String,java.lang.String)
[INFO ] 06-06-2017 09:17:17.698 [main] RequestMappingHandlerMapping - Mapped "{[/error]}" onto public org.springframework.http.ResponseEntity<java.util.Map<java.lang.String, java.lang.Object>> org.springframework.boot.autoconfigure.web.BasicErrorController.error(javax.servlet.http.HttpServletRequest)
[INFO ] 06-06-2017 09:17:17.699 [main] RequestMappingHandlerMapping - Mapped "{[/error],produces=[text/html]}" onto public org.springframework.web.servlet.ModelAndView org.springframework.boot.autoconfigure.web.BasicErrorController.errorHtml(javax.servlet.http.HttpServletRequest,javax.servlet.http.HttpServletResponse)
[INFO ] 06-06-2017 09:17:17.730 [main] SimpleUrlHandlerMapping - Mapped URL path [/webjars/**] onto handler of type [class org.springframework.web.servlet.resource.ResourceHttpRequestHandler]
[INFO ] 06-06-2017 09:17:17.731 [main] SimpleUrlHandlerMapping - Mapped URL path [/**] onto handler of type [class org.springframework.web.servlet.resource.ResourceHttpRequestHandler]
[INFO ] 06-06-2017 09:17:17.817 [main] SimpleUrlHandlerMapping - Mapped URL path [/**/favicon.ico] onto handler of type [class org.springframework.web.servlet.resource.ResourceHttpRequestHandler]
[INFO ] 06-06-2017 09:17:22.182 [http-nio-8080-exec-1] DispatcherServlet - FrameworkServlet 'dispatcherServlet': initialization started
[INFO ] 06-06-2017 09:17:22.203 [http-nio-8080-exec-1] DispatcherServlet - FrameworkServlet 'dispatcherServlet': initialization completed in 21 ms
